<?xml version="1.0" encoding="UTF-8"?>
<!-- Generated by org.testng.reporters.JUnitXMLReporter -->
<testsuite hostname="ENG-TSB-A" ignored="0" name="Test" tests="1" failures="1" timestamp="14 Nov 2018 21:45:36 GMT" time="170.527" errors="0">
  <testcase name="activate" time="127.014" classname="com.theScore.maven.qa.nba">
    <failure type="org.openqa.selenium.NoSuchElementException" message="An element could not be located on the page using the given search parameters. (WARNING: The server did not provide any stacktrace information)
Command duration or timeout: 30.13 seconds
For documentation on this error, please visit: http://seleniumhq.org/exceptions/no_such_element.html
Build info: version: &amp;apos;3.1.0&amp;apos;, revision: &amp;apos;b94c902&amp;apos;, time: &amp;apos;2017-02-16 12:21:31 -0800&amp;apos;
System info: host: &amp;apos;ENG-TSB-A&amp;apos;, ip: &amp;apos;192.168.1.110&amp;apos;, os.name: &amp;apos;Windows 10&amp;apos;, os.arch: &amp;apos;amd64&amp;apos;, os.version: &amp;apos;10.0&amp;apos;, java.version: &amp;apos;1.8.0_181&amp;apos;
Driver info: io.appium.java_client.android.AndroidDriver
Capabilities [{appPackage=com.fivemobile.thescore, app=C:\Users\rlu\eclipse-workspace\qa\src\test\resource\thescore-6.24.1.apk, noSign=true, appWaitActivity=com.fivemobile.thescore.SplashActivity, deviceName=Samsung Galaxy S7, platform=ANY, appActivity=com.fivemobile.thescore.SplashActivity, newCommandTimeout=60000, BROWSER_NAME=, VERSION=7.0, automationName=UiAutomator2, autoGrantPermissions=true, platformName=Android}]
Session ID: d733fbb9-e7a4-4747-908f-6232cb19d576
*** Element info: {Using=id, value=com.fivemobile.thescore:id/txt_name}">
      <![CDATA[org.openqa.selenium.NoSuchElementException: An element could not be located on the page using the given search parameters. (WARNING: The server did not provide any stacktrace information)
Command duration or timeout: 30.13 seconds
For documentation on this error, please visit: http://seleniumhq.org/exceptions/no_such_element.html
Build info: version: '3.1.0', revision: 'b94c902', time: '2017-02-16 12:21:31 -0800'
System info: host: 'ENG-TSB-A', ip: '192.168.1.110', os.name: 'Windows 10', os.arch: 'amd64', os.version: '10.0', java.version: '1.8.0_181'
Driver info: io.appium.java_client.android.AndroidDriver
Capabilities [{appPackage=com.fivemobile.thescore, app=C:\Users\rlu\eclipse-workspace\qa\src\test\resource\thescore-6.24.1.apk, noSign=true, appWaitActivity=com.fivemobile.thescore.SplashActivity, deviceName=Samsung Galaxy S7, platform=ANY, appActivity=com.fivemobile.thescore.SplashActivity, newCommandTimeout=60000, BROWSER_NAME=, VERSION=7.0, automationName=UiAutomator2, autoGrantPermissions=true, platformName=Android}]
Session ID: d733fbb9-e7a4-4747-908f-6232cb19d576
*** Element info: {Using=id, value=com.fivemobile.thescore:id/txt_name}
at org.openqa.selenium.remote.ErrorHandler.createThrowable(ErrorHandler.java:216)
at org.openqa.selenium.remote.ErrorHandler.throwIfResponseFailed(ErrorHandler.java:168)
at org.openqa.selenium.remote.RemoteWebDriver.execute(RemoteWebDriver.java:635)
at io.appium.java_client.DefaultGenericMobileDriver.execute(DefaultGenericMobileDriver.java:40)
at io.appium.java_client.AppiumDriver.execute(AppiumDriver.java:1)
at io.appium.java_client.android.AndroidDriver.execute(AndroidDriver.java:1)
at org.openqa.selenium.remote.RemoteWebElement.execute(RemoteWebElement.java:274)
at io.appium.java_client.DefaultGenericMobileElement.execute(DefaultGenericMobileElement.java:33)
at io.appium.java_client.MobileElement.execute(MobileElement.java:1)
at io.appium.java_client.android.AndroidElement.execute(AndroidElement.java:1)
at org.openqa.selenium.remote.RemoteWebElement.findElement(RemoteWebElement.java:177)
at io.appium.java_client.DefaultGenericMobileElement.findElement(DefaultGenericMobileElement.java:49)
at io.appium.java_client.MobileElement.findElement(MobileElement.java:1)
at io.appium.java_client.android.AndroidElement.findElement(AndroidElement.java:1)
at org.openqa.selenium.remote.RemoteWebElement.findElementById(RemoteWebElement.java:210)
at io.appium.java_client.DefaultGenericMobileElement.findElementById(DefaultGenericMobileElement.java:57)
at io.appium.java_client.MobileElement.findElementById(MobileElement.java:1)
at io.appium.java_client.android.AndroidElement.findElementById(AndroidElement.java:1)
at org.openqa.selenium.By$ById.findElement(By.java:218)
at org.openqa.selenium.remote.RemoteWebElement.findElement(RemoteWebElement.java:173)
at io.appium.java_client.DefaultGenericMobileElement.findElement(DefaultGenericMobileElement.java:45)
at io.appium.java_client.MobileElement.findElement(MobileElement.java:1)
at io.appium.java_client.android.AndroidElement.findElement(AndroidElement.java:1)
at com.theScore.maven.qa.baseClass.pickRandomPlayer(baseClass.java:88)
at com.theScore.maven.qa.nba.activate(nba.java:75)
... Removed 29 stack frames]]>
    </failure>
  </testcase> <!-- activate -->
</testsuite> <!-- Test -->
